2015/02/28 14:33:10 [error] [exception.CHttpException.404] exception 'CHttpException' with message 'Unable to resolve the request "profilebrand/index".' in C:\wamp\www\yii\framework\web\CWebApplication.php:286
Stack trace:
#0 C:\wamp\www\yii\framework\web\CWebApplication.php(141): CWebApplication->runController('')
#1 C:\wamp\www\yii\framework\base\CApplication.php(180): CWebApplication->processRequest()
#2 C:\wamp\www\PSUPhuketVolunteer\index.php(13): CApplication->run()
#3 {main}
REQUEST_URI=/psuphuketvolunteer/
---
2015/02/28 14:33:10 [error] [system.db.CDbCommand] Error in preparing SQL: DELETE FROM 'YiiSession' WHERE expire<:expire
in C:\wamp\www\PSUPhuketVolunteer\protected\views\layouts\main.php (35)
in C:\wamp\www\PSUPhuketVolunteer\protected\views\layouts\column1.php (6)
in C:\wamp\www\PSUPhuketVolunteer\protected\controllers\SiteController.php (45)
2015/02/28 14:33:10 [error] [system.db.CDbCommand] CDbCommand::execute() failed: CDbCommand failed to prepare the SQL statement: SQLSTATE[HY000]: General error: 1 no such table: YiiSession. The SQL statement executed was: DELETE FROM 'YiiSession' WHERE expire<:expire.
in C:\wamp\www\PSUPhuketVolunteer\protected\views\layouts\main.php (35)
in C:\wamp\www\PSUPhuketVolunteer\protected\views\layouts\column1.php (6)
in C:\wamp\www\PSUPhuketVolunteer\protected\controllers\SiteController.php (45)
2015/02/28 14:34:18 [error] [exception.CHttpException.404] exception 'CHttpException' with message 'Unable to resolve the request "profilebrand/index".' in C:\wamp\www\yii\framework\web\CWebApplication.php:286
Stack trace:
#0 C:\wamp\www\yii\framework\web\CWebApplication.php(141): CWebApplication->runController('')
#1 C:\wamp\www\yii\framework\base\CApplication.php(180): CWebApplication->processRequest()
#2 C:\wamp\www\PSUPhuketVolunteer\index.php(13): CApplication->run()
#3 {main}
REQUEST_URI=/psuphuketvolunteer/
---
2015/02/28 14:35:47 [error] [exception.CHttpException.404] exception 'CHttpException' with message 'Unable to resolve the request "profilebrand/index".' in C:\wamp\www\yii\framework\web\CWebApplication.php:286
Stack trace:
#0 C:\wamp\www\yii\framework\web\CWebApplication.php(141): CWebApplication->runController('')
#1 C:\wamp\www\yii\framework\base\CApplication.php(180): CWebApplication->processRequest()
#2 C:\wamp\www\PSUPhuketVolunteer\index.php(13): CApplication->run()
#3 {main}
REQUEST_URI=/psuphuketvolunteer/
---
2015/02/28 14:37:28 [error] [exception.CHttpException.404] exception 'CHttpException' with message 'Unable to resolve the request "profilebrand/index".' in C:\wamp\www\yii\framework\web\CWebApplication.php:286
Stack trace:
#0 C:\wamp\www\yii\framework\web\CWebApplication.php(141): CWebApplication->runController('')
#1 C:\wamp\www\yii\framework\base\CApplication.php(180): CWebApplication->processRequest()
#2 C:\wamp\www\PSUPhuketVolunteer\index.php(13): CApplication->run()
#3 {main}
REQUEST_URI=/psuphuketvolunteer/
---
2015/02/28 14:37:49 [error] [exception.CHttpException.404] exception 'CHttpException' with message 'Unable to resolve the request "profilebrand/index".' in C:\wamp\www\yii\framework\web\CWebApplication.php:286
Stack trace:
#0 C:\wamp\www\yii\framework\web\CWebApplication.php(141): CWebApplication->runController('')
#1 C:\wamp\www\yii\framework\base\CApplication.php(180): CWebApplication->processRequest()
#2 C:\wamp\www\PSUPhuketVolunteer\index.php(13): CApplication->run()
#3 {main}
REQUEST_URI=/psuphuketvolunteer/
---
2015/02/28 14:37:54 [error] [exception.CHttpException.404] exception 'CHttpException' with message 'Unable to resolve the request "profilebrand/index".' in C:\wamp\www\yii\framework\web\CWebApplication.php:286
Stack trace:
#0 C:\wamp\www\yii\framework\web\CWebApplication.php(141): CWebApplication->runController('')
#1 C:\wamp\www\yii\framework\base\CApplication.php(180): CWebApplication->processRequest()
#2 C:\wamp\www\PSUPhuketVolunteer\index.php(13): CApplication->run()
#3 {main}
REQUEST_URI=/psuphuketvolunteer/index.php
HTTP_REFERER=http://localhost:81/psuphuketvolunteer/index.php?r=site/index
---
2015/02/28 14:40:26 [error] [exception.CHttpException.404] exception 'CHttpException' with message 'Unable to resolve the request "profilebrand/index".' in C:\wamp\www\yii\framework\web\CWebApplication.php:286
Stack trace:
#0 C:\wamp\www\yii\framework\web\CWebApplication.php(141): CWebApplication->runController('')
#1 C:\wamp\www\yii\framework\base\CApplication.php(180): CWebApplication->processRequest()
#2 C:\wamp\www\PSUPhuketVolunteer\index.php(13): CApplication->run()
#3 {main}
REQUEST_URI=/psuphuketvolunteer/index.php
HTTP_REFERER=http://localhost:81/psuphuketvolunteer/index.php?r=site/contact
---
2015/02/28 14:40:53 [error] [exception.CHttpException.404] exception 'CHttpException' with message 'Unable to resolve the request "profilebrand/index".' in C:\wamp\www\yii\framework\web\CWebApplication.php:286
Stack trace:
#0 C:\wamp\www\yii\framework\web\CWebApplication.php(141): CWebApplication->runController('')
#1 C:\wamp\www\yii\framework\base\CApplication.php(180): CWebApplication->processRequest()
#2 C:\wamp\www\PSUPhuketVolunteer\index.php(13): CApplication->run()
#3 {main}
REQUEST_URI=/psuphuketvolunteer/index.php
HTTP_REFERER=http://localhost:81/psuphuketvolunteer/index.php?r=site/contact
---
2015/02/28 14:41:18 [error] [exception.CHttpException.404] exception 'CHttpException' with message 'Unable to resolve the request "profilebrand/index".' in C:\wamp\www\yii\framework\web\CWebApplication.php:286
Stack trace:
#0 C:\wamp\www\yii\framework\web\CWebApplication.php(141): CWebApplication->runController('')
#1 C:\wamp\www\yii\framework\base\CApplication.php(180): CWebApplication->processRequest()
#2 C:\wamp\www\PSUPhuketVolunteer\index.php(13): CApplication->run()
#3 {main}
REQUEST_URI=/psuphuketvolunteer/index.php
HTTP_REFERER=http://localhost:81/psuphuketvolunteer/index.php?r=site/contact
---
2015/02/28 14:41:25 [error] [exception.CHttpException.404] exception 'CHttpException' with message 'Unable to resolve the request "profilebrand/index".' in C:\wamp\www\yii\framework\web\CWebApplication.php:286
Stack trace:
#0 C:\wamp\www\yii\framework\web\CWebApplication.php(141): CWebApplication->runController('')
#1 C:\wamp\www\yii\framework\base\CApplication.php(180): CWebApplication->processRequest()
#2 C:\wamp\www\PSUPhuketVolunteer\index.php(13): CApplication->run()
#3 {main}
REQUEST_URI=/psuphuketvolunteer/index.php
HTTP_REFERER=http://localhost:81/psuphuketvolunteer/index.php?r=site/contact
---
2015/02/28 14:42:05 [error] [exception.CHttpException.404] exception 'CHttpException' with message 'Unable to resolve the request "profilebrand/index".' in C:\wamp\www\yii\framework\web\CWebApplication.php:286
Stack trace:
#0 C:\wamp\www\yii\framework\web\CWebApplication.php(141): CWebApplication->runController('')
#1 C:\wamp\www\yii\framework\base\CApplication.php(180): CWebApplication->processRequest()
#2 C:\wamp\www\PSUPhuketVolunteer\index.php(13): CApplication->run()
#3 {main}
REQUEST_URI=/psuphuketvolunteer/index.php
HTTP_REFERER=http://localhost:81/psuphuketvolunteer/index.php?r=site/contact
---
2015/02/28 14:42:19 [error] [exception.CHttpException.404] exception 'CHttpException' with message 'Unable to resolve the request "profilebrand/index".' in C:\wamp\www\yii\framework\web\CWebApplication.php:286
Stack trace:
#0 C:\wamp\www\yii\framework\web\CWebApplication.php(141): CWebApplication->runController('')
#1 C:\wamp\www\yii\framework\base\CApplication.php(180): CWebApplication->processRequest()
#2 C:\wamp\www\PSUPhuketVolunteer\index.php(13): CApplication->run()
#3 {main}
REQUEST_URI=/psuphuketvolunteer/index.php
HTTP_REFERER=http://localhost:81/psuphuketvolunteer/index.php?r=site/contact
---
2015/02/28 14:42:42 [error] [exception.CHttpException.404] exception 'CHttpException' with message 'Unable to resolve the request "profilebrand/index".' in C:\wamp\www\yii\framework\web\CWebApplication.php:286
Stack trace:
#0 C:\wamp\www\yii\framework\web\CWebApplication.php(141): CWebApplication->runController('')
#1 C:\wamp\www\yii\framework\base\CApplication.php(180): CWebApplication->processRequest()
#2 C:\wamp\www\PSUPhuketVolunteer\index.php(13): CApplication->run()
#3 {main}
REQUEST_URI=/psuphuketvolunteer/index.php
HTTP_REFERER=http://localhost:81/psuphuketvolunteer/index.php?r=site/contact
---
2015/02/28 14:42:53 [error] [exception.CHttpException.404] exception 'CHttpException' with message 'Unable to resolve the request "profilebrand/index".' in C:\wamp\www\yii\framework\web\CWebApplication.php:286
Stack trace:
#0 C:\wamp\www\yii\framework\web\CWebApplication.php(141): CWebApplication->runController('')
#1 C:\wamp\www\yii\framework\base\CApplication.php(180): CWebApplication->processRequest()
#2 C:\wamp\www\PSUPhuketVolunteer\index.php(13): CApplication->run()
#3 {main}
REQUEST_URI=/psuphuketvolunteer/index.php
HTTP_REFERER=http://localhost:81/psuphuketvolunteer/index.php?r=site/contact
---
2015/02/28 14:43:17 [error] [exception.CHttpException.404] exception 'CHttpException' with message 'Unable to resolve the request "profilebrand/index".' in C:\wamp\www\yii\framework\web\CWebApplication.php:286
Stack trace:
#0 C:\wamp\www\yii\framework\web\CWebApplication.php(141): CWebApplication->runController('')
#1 C:\wamp\www\yii\framework\base\CApplication.php(180): CWebApplication->processRequest()
#2 C:\wamp\www\PSUPhuketVolunteer\index.php(13): CApplication->run()
#3 {main}
REQUEST_URI=/psuphuketvolunteer/index.php
HTTP_REFERER=http://localhost:81/psuphuketvolunteer/index.php?r=site/contact
---
2015/02/28 14:43:20 [error] [exception.CHttpException.404] exception 'CHttpException' with message 'Unable to resolve the request "profilebrand/index".' in C:\wamp\www\yii\framework\web\CWebApplication.php:286
Stack trace:
#0 C:\wamp\www\yii\framework\web\CWebApplication.php(141): CWebApplication->runController('')
#1 C:\wamp\www\yii\framework\base\CApplication.php(180): CWebApplication->processRequest()
#2 C:\wamp\www\PSUPhuketVolunteer\index.php(13): CApplication->run()
#3 {main}
REQUEST_URI=/psuphuketvolunteer/index.php
HTTP_REFERER=http://localhost:81/psuphuketvolunteer/index.php?r=site/login
---
2015/02/28 14:43:43 [error] [exception.CHttpException.404] exception 'CHttpException' with message 'Unable to resolve the request "profilebrand/index".' in C:\wamp\www\yii\framework\web\CWebApplication.php:286
Stack trace:
#0 C:\wamp\www\yii\framework\web\CWebApplication.php(141): CWebApplication->runController('')
#1 C:\wamp\www\yii\framework\base\CApplication.php(180): CWebApplication->processRequest()
#2 C:\wamp\www\PSUPhuketVolunteer\index.php(13): CApplication->run()
#3 {main}
REQUEST_URI=/psuphuketvolunteer/index.php
HTTP_REFERER=http://localhost:81/psuphuketvolunteer/index.php?r=site/login
---
2015/02/28 14:43:45 [error] [exception.CHttpException.404] exception 'CHttpException' with message 'Unable to resolve the request "profilebrand/index".' in C:\wamp\www\yii\framework\web\CWebApplication.php:286
Stack trace:
#0 C:\wamp\www\yii\framework\web\CWebApplication.php(141): CWebApplication->runController('')
#1 C:\wamp\www\yii\framework\base\CApplication.php(180): CWebApplication->processRequest()
#2 C:\wamp\www\PSUPhuketVolunteer\index.php(13): CApplication->run()
#3 {main}
REQUEST_URI=/psuphuketvolunteer/index.php
HTTP_REFERER=http://localhost:81/psuphuketvolunteer/index.php
---
2015/02/28 14:43:46 [error] [exception.CHttpException.404] exception 'CHttpException' with message 'Unable to resolve the request "profilebrand/index".' in C:\wamp\www\yii\framework\web\CWebApplication.php:286
Stack trace:
#0 C:\wamp\www\yii\framework\web\CWebApplication.php(141): CWebApplication->runController('')
#1 C:\wamp\www\yii\framework\base\CApplication.php(180): CWebApplication->processRequest()
#2 C:\wamp\www\PSUPhuketVolunteer\index.php(13): CApplication->run()
#3 {main}
REQUEST_URI=/psuphuketvolunteer/index.php
HTTP_REFERER=http://localhost:81/psuphuketvolunteer/index.php
---
2015/02/28 14:43:48 [error] [exception.CHttpException.404] exception 'CHttpException' with message 'Unable to resolve the request "profilebrand/index".' in C:\wamp\www\yii\framework\web\CWebApplication.php:286
Stack trace:
#0 C:\wamp\www\yii\framework\web\CWebApplication.php(141): CWebApplication->runController('')
#1 C:\wamp\www\yii\framework\base\CApplication.php(180): CWebApplication->processRequest()
#2 C:\wamp\www\PSUPhuketVolunteer\index.php(13): CApplication->run()
#3 {main}
REQUEST_URI=/psuphuketvolunteer/index.php
HTTP_REFERER=http://localhost:81/psuphuketvolunteer/index.php
---
2015/02/28 14:43:50 [error] [exception.CHttpException.404] exception 'CHttpException' with message 'Unable to resolve the request "profilebrand/index".' in C:\wamp\www\yii\framework\web\CWebApplication.php:286
Stack trace:
#0 C:\wamp\www\yii\framework\web\CWebApplication.php(141): CWebApplication->runController('')
#1 C:\wamp\www\yii\framework\base\CApplication.php(180): CWebApplication->processRequest()
#2 C:\wamp\www\PSUPhuketVolunteer\index.php(13): CApplication->run()
#3 {main}
REQUEST_URI=/psuphuketvolunteer/index.php
HTTP_REFERER=http://localhost:81/psuphuketvolunteer/index.php
---
2015/02/28 14:43:52 [error] [exception.CHttpException.404] exception 'CHttpException' with message 'Unable to resolve the request "profilebrand/index".' in C:\wamp\www\yii\framework\web\CWebApplication.php:286
Stack trace:
#0 C:\wamp\www\yii\framework\web\CWebApplication.php(141): CWebApplication->runController('')
#1 C:\wamp\www\yii\framework\base\CApplication.php(180): CWebApplication->processRequest()
#2 C:\wamp\www\PSUPhuketVolunteer\index.php(13): CApplication->run()
#3 {main}
REQUEST_URI=/psuphuketvolunteer/index.php
HTTP_REFERER=http://localhost:81/psuphuketvolunteer/index.php
---
2015/02/28 14:59:01 [error] [php] Undefined variable: content (C:\wamp\www\PSUPhuketVolunteer\protected\views\site\index.php:15)
Stack trace:
#0 C:\wamp\www\yii\framework\web\CController.php(869): SiteController->renderFile()
#1 C:\wamp\www\yii\framework\web\CController.php(782): SiteController->renderPartial()
#2 C:\wamp\www\PSUPhuketVolunteer\protected\controllers\SiteController.php(32): SiteController->render()
#3 C:\wamp\www\yii\framework\web\actions\CInlineAction.php(49): SiteController->actionIndex()
#4 C:\wamp\www\yii\framework\web\CController.php(308): CInlineAction->runWithParams()
#5 C:\wamp\www\yii\framework\web\CController.php(286): SiteController->runAction()
#6 C:\wamp\www\yii\framework\web\CController.php(265): SiteController->runActionWithFilters()
#7 C:\wamp\www\yii\framework\web\CWebApplication.php(282): SiteController->run()
#8 C:\wamp\www\yii\framework\web\CWebApplication.php(141): CWebApplication->runController()
#9 C:\wamp\www\yii\framework\base\CApplication.php(180): CWebApplication->processRequest()
#10 C:\wamp\www\PSUPhuketVolunteer\index.php(13): CWebApplication->run()
REQUEST_URI=/psuphuketvolunteer/index.php
in C:\wamp\www\PSUPhuketVolunteer\protected\views\site\index.php (15)
in C:\wamp\www\PSUPhuketVolunteer\protected\controllers\SiteController.php (32)
in C:\wamp\www\PSUPhuketVolunteer\index.php (13)
2015/02/28 15:00:30 [error] [php] include(C:\wamp\www\PSUPhuketVolunteer\protected\extensions\bootstrap\helpers\TbArray.php): failed to open stream: No such file or directory (C:\wamp\www\yii\framework\YiiBase.php:401)
Stack trace:
#0 C:\wamp\www\PSUPhuketVolunteer\protected\extensions\yiiwheels\widgets\gallery\WhGallery.php(57): spl_autoload_call()
#1 C:\wamp\www\PSUPhuketVolunteer\protected\extensions\yiiwheels\widgets\gallery\WhCarousel.php(27): WhVideoCarousel->init()
#2 C:\wamp\www\PSUPhuketVolunteer\protected\extensions\yiiwheels\widgets\gallery\WhVideoCarousel.php(24): WhVideoCarousel->init()
#3 C:\wamp\www\yii\framework\web\CBaseController.php(147): WhVideoCarousel->init()
#4 C:\wamp\www\yii\framework\web\CBaseController.php(172): SiteController->createWidget()
#5 C:\wamp\www\PSUPhuketVolunteer\protected\views\site\index.php(24): SiteController->widget()
#6 C:\wamp\www\yii\framework\web\CBaseController.php(126): require()
#7 C:\wamp\www\yii\framework\web\CBaseController.php(95): SiteController->renderInternal()
#8 C:\wamp\www\yii\framework\web\CController.php(869): SiteController->renderFile()
#9 C:\wamp\www\yii\framework\web\CController.php(782): SiteController->renderPartial()
#10 C:\wamp\www\PSUPhuketVolunteer\protected\controllers\SiteController.php(32): SiteController->render()
#11 C:\wamp\www\yii\framework\web\actions\CInlineAction.php(49): SiteController->actionIndex()
#12 C:\wamp\www\yii\framework\web\CController.php(308): CInlineAction->runWithParams()
#13 C:\wamp\www\yii\framework\web\CController.php(286): SiteController->runAction()
#14 C:\wamp\www\yii\framework\web\CController.php(265): SiteController->runActionWithFilters()
#15 C:\wamp\www\yii\framework\web\CWebApplication.php(282): SiteController->run()
#16 C:\wamp\www\yii\framework\web\CWebApplication.php(141): CWebApplication->runController()
#17 C:\wamp\www\yii\framework\base\CApplication.php(180): CWebApplication->processRequest()
#18 C:\wamp\www\PSUPhuketVolunteer\index.php(13): CWebApplication->run()
REQUEST_URI=/psuphuketvolunteer/index.php
in C:\wamp\www\PSUPhuketVolunteer\protected\extensions\yiiwheels\widgets\gallery\WhGallery.php (57)
in C:\wamp\www\PSUPhuketVolunteer\protected\extensions\yiiwheels\widgets\gallery\WhCarousel.php (27)
in C:\wamp\www\PSUPhuketVolunteer\protected\extensions\yiiwheels\widgets\gallery\WhVideoCarousel.php (24)
2015/02/28 15:06:28 [error] [exception.CException] exception 'CException' with message 'Property "CWebApplication.images" is not defined.' in C:\wamp\www\yii\framework\base\CComponent.php:130
Stack trace:
#0 C:\wamp\www\yii\framework\base\CModule.php(105): CComponent->__get('images')
#1 C:\wamp\www\PSUPhuketVolunteer\protected\views\site\index.php(8): CModule->__get('images')
#2 C:\wamp\www\yii\framework\web\CBaseController.php(126): require('C:\\wamp\\www\\PSU...')
#3 C:\wamp\www\yii\framework\web\CBaseController.php(95): CBaseController->renderInternal('C:\\wamp\\www\\PSU...', NULL, true)
#4 C:\wamp\www\yii\framework\web\CController.php(869): CBaseController->renderFile('C:\\wamp\\www\\PSU...', NULL, true)
#5 C:\wamp\www\yii\framework\web\CController.php(782): CController->renderPartial('index', NULL, true)
#6 C:\wamp\www\PSUPhuketVolunteer\protected\controllers\SiteController.php(32): CController->render('index')
#7 C:\wamp\www\yii\framework\web\actions\CInlineAction.php(49): SiteController->actionIndex()
#8 C:\wamp\www\yii\framework\web\CController.php(308): CInlineAction->runWithParams(Array)
#9 C:\wamp\www\yii\framework\web\CController.php(286): CController->runAction(Object(CInlineAction))
#10 C:\wamp\www\yii\framework\web\CController.php(265): CController->runActionWithFilters(Object(CInlineAction), Array)
#11 C:\wamp\www\yii\framework\web\CWebApplication.php(282): CController->run('')
#12 C:\wamp\www\yii\framework\web\CWebApplication.php(141): CWebApplication->runController('')
#13 C:\wamp\www\yii\framework\base\CApplication.php(180): CWebApplication->processRequest()
#14 C:\wamp\www\PSUPhuketVolunteer\index.php(13): CApplication->run()
#15 {main}
REQUEST_URI=/psuphuketvolunteer/index.php
---
2015/02/28 15:06:40 [error] [exception.CException] exception 'CException' with message 'Property "CWebApplication.images" is not defined.' in C:\wamp\www\yii\framework\base\CComponent.php:130
Stack trace:
#0 C:\wamp\www\yii\framework\base\CModule.php(105): CComponent->__get('images')
#1 C:\wamp\www\PSUPhuketVolunteer\protected\views\site\index.php(8): CModule->__get('images')
#2 C:\wamp\www\yii\framework\web\CBaseController.php(126): require('C:\\wamp\\www\\PSU...')
#3 C:\wamp\www\yii\framework\web\CBaseController.php(95): CBaseController->renderInternal('C:\\wamp\\www\\PSU...', NULL, true)
#4 C:\wamp\www\yii\framework\web\CController.php(869): CBaseController->renderFile('C:\\wamp\\www\\PSU...', NULL, true)
#5 C:\wamp\www\yii\framework\web\CController.php(782): CController->renderPartial('index', NULL, true)
#6 C:\wamp\www\PSUPhuketVolunteer\protected\controllers\SiteController.php(32): CController->render('index')
#7 C:\wamp\www\yii\framework\web\actions\CInlineAction.php(49): SiteController->actionIndex()
#8 C:\wamp\www\yii\framework\web\CController.php(308): CInlineAction->runWithParams(Array)
#9 C:\wamp\www\yii\framework\web\CController.php(286): CController->runAction(Object(CInlineAction))
#10 C:\wamp\www\yii\framework\web\CController.php(265): CController->runActionWithFilters(Object(CInlineAction), Array)
#11 C:\wamp\www\yii\framework\web\CWebApplication.php(282): CController->run('')
#12 C:\wamp\www\yii\framework\web\CWebApplication.php(141): CWebApplication->runController('')
#13 C:\wamp\www\yii\framework\base\CApplication.php(180): CWebApplication->processRequest()
#14 C:\wamp\www\PSUPhuketVolunteer\index.php(13): CApplication->run()
#15 {main}
REQUEST_URI=/psuphuketvolunteer/index.php
---
2015/02/28 15:07:11 [error] [exception.CException] exception 'CException' with message 'Property "CWebApplication.images" is not defined.' in C:\wamp\www\yii\framework\base\CComponent.php:130
Stack trace:
#0 C:\wamp\www\yii\framework\base\CModule.php(105): CComponent->__get('images')
#1 C:\wamp\www\PSUPhuketVolunteer\protected\views\site\index.php(8): CModule->__get('images')
#2 C:\wamp\www\yii\framework\web\CBaseController.php(126): require('C:\\wamp\\www\\PSU...')
#3 C:\wamp\www\yii\framework\web\CBaseController.php(95): CBaseController->renderInternal('C:\\wamp\\www\\PSU...', NULL, true)
#4 C:\wamp\www\yii\framework\web\CController.php(869): CBaseController->renderFile('C:\\wamp\\www\\PSU...', NULL, true)
#5 C:\wamp\www\yii\framework\web\CController.php(782): CController->renderPartial('index', NULL, true)
#6 C:\wamp\www\PSUPhuketVolunteer\protected\controllers\SiteController.php(32): CController->render('index')
#7 C:\wamp\www\yii\framework\web\actions\CInlineAction.php(49): SiteController->actionIndex()
#8 C:\wamp\www\yii\framework\web\CController.php(308): CInlineAction->runWithParams(Array)
#9 C:\wamp\www\yii\framework\web\CController.php(286): CController->runAction(Object(CInlineAction))
#10 C:\wamp\www\yii\framework\web\CController.php(265): CController->runActionWithFilters(Object(CInlineAction), Array)
#11 C:\wamp\www\yii\framework\web\CWebApplication.php(282): CController->run('')
#12 C:\wamp\www\yii\framework\web\CWebApplication.php(141): CWebApplication->runController('')
#13 C:\wamp\www\yii\framework\base\CApplication.php(180): CWebApplication->processRequest()
#14 C:\wamp\www\PSUPhuketVolunteer\index.php(13): CApplication->run()
#15 {main}
REQUEST_URI=/psuphuketvolunteer/index.php
---
2015/02/28 15:07:22 [error] [exception.CException] exception 'CException' with message 'Property "CWebApplication.images" is not defined.' in C:\wamp\www\yii\framework\base\CComponent.php:130
Stack trace:
#0 C:\wamp\www\yii\framework\base\CModule.php(105): CComponent->__get('images')
#1 C:\wamp\www\PSUPhuketVolunteer\protected\views\site\index.php(8): CModule->__get('images')
#2 C:\wamp\www\yii\framework\web\CBaseController.php(126): require('C:\\wamp\\www\\PSU...')
#3 C:\wamp\www\yii\framework\web\CBaseController.php(95): CBaseController->renderInternal('C:\\wamp\\www\\PSU...', NULL, true)
#4 C:\wamp\www\yii\framework\web\CController.php(869): CBaseController->renderFile('C:\\wamp\\www\\PSU...', NULL, true)
#5 C:\wamp\www\yii\framework\web\CController.php(782): CController->renderPartial('index', NULL, true)
#6 C:\wamp\www\PSUPhuketVolunteer\protected\controllers\SiteController.php(32): CController->render('index')
#7 C:\wamp\www\yii\framework\web\actions\CInlineAction.php(49): SiteController->actionIndex()
#8 C:\wamp\www\yii\framework\web\CController.php(308): CInlineAction->runWithParams(Array)
#9 C:\wamp\www\yii\framework\web\CController.php(286): CController->runAction(Object(CInlineAction))
#10 C:\wamp\www\yii\framework\web\CController.php(265): CController->runActionWithFilters(Object(CInlineAction), Array)
#11 C:\wamp\www\yii\framework\web\CWebApplication.php(282): CController->run('')
#12 C:\wamp\www\yii\framework\web\CWebApplication.php(141): CWebApplication->runController('')
#13 C:\wamp\www\yii\framework\base\CApplication.php(180): CWebApplication->processRequest()
#14 C:\wamp\www\PSUPhuketVolunteer\index.php(13): CApplication->run()
#15 {main}
REQUEST_URI=/psuphuketvolunteer/index.php
---
2015/02/28 15:08:01 [error] [exception.CException] exception 'CException' with message 'Property "CWebApplication.images" is not defined.' in C:\wamp\www\yii\framework\base\CComponent.php:130
Stack trace:
#0 C:\wamp\www\yii\framework\base\CModule.php(105): CComponent->__get('images')
#1 C:\wamp\www\PSUPhuketVolunteer\protected\views\site\index.php(25): CModule->__get('images')
#2 C:\wamp\www\yii\framework\web\CBaseController.php(126): require('C:\\wamp\\www\\PSU...')
#3 C:\wamp\www\yii\framework\web\CBaseController.php(95): CBaseController->renderInternal('C:\\wamp\\www\\PSU...', NULL, true)
#4 C:\wamp\www\yii\framework\web\CController.php(869): CBaseController->renderFile('C:\\wamp\\www\\PSU...', NULL, true)
#5 C:\wamp\www\yii\framework\web\CController.php(782): CController->renderPartial('index', NULL, true)
#6 C:\wamp\www\PSUPhuketVolunteer\protected\controllers\SiteController.php(32): CController->render('index')
#7 C:\wamp\www\yii\framework\web\actions\CInlineAction.php(49): SiteController->actionIndex()
#8 C:\wamp\www\yii\framework\web\CController.php(308): CInlineAction->runWithParams(Array)
#9 C:\wamp\www\yii\framework\web\CController.php(286): CController->runAction(Object(CInlineAction))
#10 C:\wamp\www\yii\framework\web\CController.php(265): CController->runActionWithFilters(Object(CInlineAction), Array)
#11 C:\wamp\www\yii\framework\web\CWebApplication.php(282): CController->run('')
#12 C:\wamp\www\yii\framework\web\CWebApplication.php(141): CWebApplication->runController('')
#13 C:\wamp\www\yii\framework\base\CApplication.php(180): CWebApplication->processRequest()
#14 C:\wamp\www\PSUPhuketVolunteer\index.php(13): CApplication->run()
#15 {main}
REQUEST_URI=/psuphuketvolunteer/index.php
---
2015/02/28 19:00:13 [error] [php] Undefined variable: model (C:\wamp\www\PSUPhuketVolunteer\themes\psuphuket\views\layouts\main.php:71)
Stack trace:
#0 C:\wamp\www\yii\framework\web\widgets\CContentDecorator.php(76): SiteController->renderFile()
#1 C:\wamp\www\yii\framework\web\widgets\CContentDecorator.php(54): CContentDecorator->decorate()
#2 C:\wamp\www\yii\framework\web\widgets\COutputProcessor.php(44): CContentDecorator->processOutput()
#3 C:\wamp\www\yii\framework\web\CBaseController.php(206): CContentDecorator->run()
#4 C:\wamp\www\yii\framework\web\CBaseController.php(300): SiteController->endWidget()
#5 C:\wamp\www\PSUPhuketVolunteer\themes\psuphuket\views\layouts\column1.php(10): SiteController->endContent()
#6 C:\wamp\www\yii\framework\web\CBaseController.php(126): require()
#7 C:\wamp\www\yii\framework\web\CBaseController.php(95): SiteController->renderInternal()
#8 C:\wamp\www\yii\framework\web\CController.php(784): SiteController->renderFile()
#9 C:\wamp\www\PSUPhuketVolunteer\protected\controllers\SiteController.php(32): SiteController->render()
#10 C:\wamp\www\yii\framework\web\actions\CInlineAction.php(49): SiteController->actionIndex()
#11 C:\wamp\www\yii\framework\web\CController.php(308): CInlineAction->runWithParams()
#12 C:\wamp\www\yii\framework\web\CController.php(286): SiteController->runAction()
#13 C:\wamp\www\yii\framework\web\CController.php(265): SiteController->runActionWithFilters()
#14 C:\wamp\www\yii\framework\web\CWebApplication.php(282): SiteController->run()
#15 C:\wamp\www\yii\framework\web\CWebApplication.php(141): CWebApplication->runController()
#16 C:\wamp\www\yii\framework\base\CApplication.php(180): CWebApplication->processRequest()
#17 C:\wamp\www\PSUPhuketVolunteer\index.php(13): CWebApplication->run()
REQUEST_URI=/psuphuketvolunteer/index.php
in C:\wamp\www\PSUPhuketVolunteer\themes\psuphuket\views\layouts\main.php (71)
in C:\wamp\www\PSUPhuketVolunteer\themes\psuphuket\views\layouts\column1.php (10)
in C:\wamp\www\PSUPhuketVolunteer\protected\controllers\SiteController.php (32)
2015/02/28 19:00:33 [error] [exception.CException] exception 'CException' with message 'SiteController cannot find the requested view "site/index".' in C:\wamp\www\yii\framework\web\CController.php:878
Stack trace:
#0 C:\wamp\www\PSUPhuketVolunteer\themes\psuphuket\views\layouts\main.php(71): CController->renderPartial('site/index', true, false)
#1 C:\wamp\www\yii\framework\web\CBaseController.php(126): require('C:\\wamp\\www\\PSU...')
#2 C:\wamp\www\yii\framework\web\CBaseController.php(95): CBaseController->renderInternal('C:\\wamp\\www\\PSU...', Array, true)
#3 C:\wamp\www\yii\framework\web\widgets\CContentDecorator.php(76): CBaseController->renderFile('C:\\wamp\\www\\PSU...', Array, true)
#4 C:\wamp\www\yii\framework\web\widgets\CContentDecorator.php(54): CContentDecorator->decorate('<div class="row...')
#5 C:\wamp\www\yii\framework\web\widgets\COutputProcessor.php(44): CContentDecorator->processOutput('<div class="row...')
#6 C:\wamp\www\yii\framework\web\CBaseController.php(206): COutputProcessor->run()
#7 C:\wamp\www\yii\framework\web\CBaseController.php(300): CBaseController->endWidget('CContentDecorat...')
#8 C:\wamp\www\PSUPhuketVolunteer\themes\psuphuket\views\layouts\column1.php(10): CBaseController->endContent()
#9 C:\wamp\www\yii\framework\web\CBaseController.php(126): require('C:\\wamp\\www\\PSU...')
#10 C:\wamp\www\yii\framework\web\CBaseController.php(95): CBaseController->renderInternal('C:\\wamp\\www\\PSU...', Array, true)
#11 C:\wamp\www\yii\framework\web\CController.php(784): CBaseController->renderFile('C:\\wamp\\www\\PSU...', Array, true)
#12 C:\wamp\www\PSUPhuketVolunteer\protected\controllers\SiteController.php(32): CController->render('index')
#13 C:\wamp\www\yii\framework\web\actions\CInlineAction.php(49): SiteController->actionIndex()
#14 C:\wamp\www\yii\framework\web\CController.php(308): CInlineAction->runWithParams(Array)
#15 C:\wamp\www\yii\framework\web\CController.php(286): CController->runAction(Object(CInlineAction))
#16 C:\wamp\www\yii\framework\web\CController.php(265): CController->runActionWithFilters(Object(CInlineAction), Array)
#17 C:\wamp\www\yii\framework\web\CWebApplication.php(282): CController->run('')
#18 C:\wamp\www\yii\framework\web\CWebApplication.php(141): CWebApplication->runController('')
#19 C:\wamp\www\yii\framework\base\CApplication.php(180): CWebApplication->processRequest()
#20 C:\wamp\www\PSUPhuketVolunteer\index.php(13): CApplication->run()
#21 {main}
REQUEST_URI=/psuphuketvolunteer/index.php
HTTP_REFERER=http://localhost:81/psuphuketvolunteer/index.php
---
2015/02/28 19:03:45 [error] [exception.CException] exception 'CException' with message 'SiteController cannot find the requested view "site/index".' in C:\wamp\www\yii\framework\web\CController.php:878
Stack trace:
#0 C:\wamp\www\PSUPhuketVolunteer\protected\views\site\index.php(14): CController->renderPartial('site/index', true, false)
#1 C:\wamp\www\yii\framework\web\CBaseController.php(126): require('C:\\wamp\\www\\PSU...')
#2 C:\wamp\www\yii\framework\web\CBaseController.php(95): CBaseController->renderInternal('C:\\wamp\\www\\PSU...', NULL, true)
#3 C:\wamp\www\yii\framework\web\CController.php(869): CBaseController->renderFile('C:\\wamp\\www\\PSU...', NULL, true)
#4 C:\wamp\www\yii\framework\web\CController.php(782): CController->renderPartial('index', NULL, true)
#5 C:\wamp\www\PSUPhuketVolunteer\protected\controllers\SiteController.php(32): CController->render('index')
#6 C:\wamp\www\yii\framework\web\actions\CInlineAction.php(49): SiteController->actionIndex()
#7 C:\wamp\www\yii\framework\web\CController.php(308): CInlineAction->runWithParams(Array)
#8 C:\wamp\www\yii\framework\web\CController.php(286): CController->runAction(Object(CInlineAction))
#9 C:\wamp\www\yii\framework\web\CController.php(265): CController->runActionWithFilters(Object(CInlineAction), Array)
#10 C:\wamp\www\yii\framework\web\CWebApplication.php(282): CController->run('')
#11 C:\wamp\www\yii\framework\web\CWebApplication.php(141): CWebApplication->runController('')
#12 C:\wamp\www\yii\framework\base\CApplication.php(180): CWebApplication->processRequest()
#13 C:\wamp\www\PSUPhuketVolunteer\index.php(13): CApplication->run()
#14 {main}
REQUEST_URI=/psuphuketvolunteer/index.php
HTTP_REFERER=http://localhost:81/psuphuketvolunteer/index.php
---
2015/02/28 19:03:51 [error] [exception.CException] exception 'CException' with message 'SiteController cannot find the requested view "site/index".' in C:\wamp\www\yii\framework\web\CController.php:878
Stack trace:
#0 C:\wamp\www\PSUPhuketVolunteer\protected\views\site\index.php(14): CController->renderPartial('site/index', true, false)
#1 C:\wamp\www\yii\framework\web\CBaseController.php(126): require('C:\\wamp\\www\\PSU...')
#2 C:\wamp\www\yii\framework\web\CBaseController.php(95): CBaseController->renderInternal('C:\\wamp\\www\\PSU...', NULL, true)
#3 C:\wamp\www\yii\framework\web\CController.php(869): CBaseController->renderFile('C:\\wamp\\www\\PSU...', NULL, true)
#4 C:\wamp\www\yii\framework\web\CController.php(782): CController->renderPartial('index', NULL, true)
#5 C:\wamp\www\PSUPhuketVolunteer\protected\controllers\SiteController.php(32): CController->render('index')
#6 C:\wamp\www\yii\framework\web\actions\CInlineAction.php(49): SiteController->actionIndex()
#7 C:\wamp\www\yii\framework\web\CController.php(308): CInlineAction->runWithParams(Array)
#8 C:\wamp\www\yii\framework\web\CController.php(286): CController->runAction(Object(CInlineAction))
#9 C:\wamp\www\yii\framework\web\CController.php(265): CController->runActionWithFilters(Object(CInlineAction), Array)
#10 C:\wamp\www\yii\framework\web\CWebApplication.php(282): CController->run('')
#11 C:\wamp\www\yii\framework\web\CWebApplication.php(141): CWebApplication->runController('')
#12 C:\wamp\www\yii\framework\base\CApplication.php(180): CWebApplication->processRequest()
#13 C:\wamp\www\PSUPhuketVolunteer\index.php(13): CApplication->run()
#14 {main}
REQUEST_URI=/psuphuketvolunteer/index.php
---
2015/02/28 19:03:53 [error] [exception.CException] exception 'CException' with message 'SiteController cannot find the requested view "site/index".' in C:\wamp\www\yii\framework\web\CController.php:878
Stack trace:
#0 C:\wamp\www\PSUPhuketVolunteer\protected\views\site\index.php(14): CController->renderPartial('site/index', true, false)
#1 C:\wamp\www\yii\framework\web\CBaseController.php(126): require('C:\\wamp\\www\\PSU...')
#2 C:\wamp\www\yii\framework\web\CBaseController.php(95): CBaseController->renderInternal('C:\\wamp\\www\\PSU...', NULL, true)
#3 C:\wamp\www\yii\framework\web\CController.php(869): CBaseController->renderFile('C:\\wamp\\www\\PSU...', NULL, true)
#4 C:\wamp\www\yii\framework\web\CController.php(782): CController->renderPartial('index', NULL, true)
#5 C:\wamp\www\PSUPhuketVolunteer\protected\controllers\SiteController.php(32): CController->render('index')
#6 C:\wamp\www\yii\framework\web\actions\CInlineAction.php(49): SiteController->actionIndex()
#7 C:\wamp\www\yii\framework\web\CController.php(308): CInlineAction->runWithParams(Array)
#8 C:\wamp\www\yii\framework\web\CController.php(286): CController->runAction(Object(CInlineAction))
#9 C:\wamp\www\yii\framework\web\CController.php(265): CController->runActionWithFilters(Object(CInlineAction), Array)
#10 C:\wamp\www\yii\framework\web\CWebApplication.php(282): CController->run('')
#11 C:\wamp\www\yii\framework\web\CWebApplication.php(141): CWebApplication->runController('')
#12 C:\wamp\www\yii\framework\base\CApplication.php(180): CWebApplication->processRequest()
#13 C:\wamp\www\PSUPhuketVolunteer\index.php(13): CApplication->run()
#14 {main}
REQUEST_URI=/psuphuketvolunteer/index.php
---
2015/02/28 19:04:01 [error] [exception.CException] exception 'CException' with message 'SiteController cannot find the requested view "site/index".' in C:\wamp\www\yii\framework\web\CController.php:878
Stack trace:
#0 C:\wamp\www\PSUPhuketVolunteer\protected\views\site\index.php(14): CController->renderPartial('site/index', true, false)
#1 C:\wamp\www\yii\framework\web\CBaseController.php(126): require('C:\\wamp\\www\\PSU...')
#2 C:\wamp\www\yii\framework\web\CBaseController.php(95): CBaseController->renderInternal('C:\\wamp\\www\\PSU...', NULL, true)
#3 C:\wamp\www\yii\framework\web\CController.php(869): CBaseController->renderFile('C:\\wamp\\www\\PSU...', NULL, true)
#4 C:\wamp\www\yii\framework\web\CController.php(782): CController->renderPartial('index', NULL, true)
#5 C:\wamp\www\PSUPhuketVolunteer\protected\controllers\SiteController.php(32): CController->render('index')
#6 C:\wamp\www\yii\framework\web\actions\CInlineAction.php(49): SiteController->actionIndex()
#7 C:\wamp\www\yii\framework\web\CController.php(308): CInlineAction->runWithParams(Array)
#8 C:\wamp\www\yii\framework\web\CController.php(286): CController->runAction(Object(CInlineAction))
#9 C:\wamp\www\yii\framework\web\CController.php(265): CController->runActionWithFilters(Object(CInlineAction), Array)
#10 C:\wamp\www\yii\framework\web\CWebApplication.php(282): CController->run('')
#11 C:\wamp\www\yii\framework\web\CWebApplication.php(141): CWebApplication->runController('')
#12 C:\wamp\www\yii\framework\base\CApplication.php(180): CWebApplication->processRequest()
#13 C:\wamp\www\PSUPhuketVolunteer\index.php(13): CApplication->run()
#14 {main}
REQUEST_URI=/psuphuketvolunteer/index.php
---
2015/02/28 19:09:33 [error] [exception.CException] exception 'CException' with message 'SiteController cannot find the requested view "_news_invite".' in C:\wamp\www\yii\framework\web\CController.php:878
Stack trace:
#0 C:\wamp\www\PSUPhuketVolunteer\protected\views\site\index.php(15): CController->renderPartial('_news_invite', Array, true, false)
#1 C:\wamp\www\yii\framework\web\CBaseController.php(126): require('C:\\wamp\\www\\PSU...')
#2 C:\wamp\www\yii\framework\web\CBaseController.php(95): CBaseController->renderInternal('C:\\wamp\\www\\PSU...', NULL, true)
#3 C:\wamp\www\yii\framework\web\CController.php(869): CBaseController->renderFile('C:\\wamp\\www\\PSU...', NULL, true)
#4 C:\wamp\www\yii\framework\web\CController.php(782): CController->renderPartial('index', NULL, true)
#5 C:\wamp\www\PSUPhuketVolunteer\protected\controllers\SiteController.php(32): CController->render('index')
#6 C:\wamp\www\yii\framework\web\actions\CInlineAction.php(49): SiteController->actionIndex()
#7 C:\wamp\www\yii\framework\web\CController.php(308): CInlineAction->runWithParams(Array)
#8 C:\wamp\www\yii\framework\web\CController.php(286): CController->runAction(Object(CInlineAction))
#9 C:\wamp\www\yii\framework\web\CController.php(265): CController->runActionWithFilters(Object(CInlineAction), Array)
#10 C:\wamp\www\yii\framework\web\CWebApplication.php(282): CController->run('')
#11 C:\wamp\www\yii\framework\web\CWebApplication.php(141): CWebApplication->runController('')
#12 C:\wamp\www\yii\framework\base\CApplication.php(180): CWebApplication->processRequest()
#13 C:\wamp\www\PSUPhuketVolunteer\index.php(13): CApplication->run()
#14 {main}
REQUEST_URI=/psuphuketvolunteer/index.php
---
2015/03/04 16:15:55 [error] [exception.CDbException] exception 'CDbException' with message 'CDbConnection.connectionString cannot be empty.' in C:\wamp\www\yii\framework\db\CDbConnection.php:370
Stack trace:
#0 C:\wamp\www\yii\framework\db\CDbConnection.php(330): CDbConnection->open()
#1 C:\wamp\www\yii\framework\db\CDbConnection.php(308): CDbConnection->setActive(true)
#2 C:\wamp\www\yii\framework\base\CModule.php(387): CDbConnection->init()
#3 C:\wamp\www\yii\framework\base\CModule.php(103): CModule->getComponent('db')
#4 C:\wamp\www\yii\framework\gii\generators\model\ModelCode.php(60): CModule->__get('db')
#5 C:\wamp\www\yii\framework\web\CFormModel.php(39): ModelCode->init()
#6 C:\wamp\www\yii\framework\gii\CCodeGenerator.php(153): CFormModel->__construct()
#7 C:\wamp\www\yii\framework\gii\CCodeGenerator.php(63): CCodeGenerator->prepare()
#8 C:\wamp\www\yii\framework\web\actions\CInlineAction.php(49): CCodeGenerator->actionIndex()
#9 C:\wamp\www\yii\framework\web\CController.php(308): CInlineAction->runWithParams(Array)
#10 C:\wamp\www\yii\framework\web\CController.php(286): CController->runAction(Object(CInlineAction))
#11 C:\wamp\www\yii\framework\web\CController.php(265): CController->runActionWithFilters(Object(CInlineAction), Array)
#12 C:\wamp\www\yii\framework\web\CWebApplication.php(282): CController->run('index')
#13 C:\wamp\www\yii\framework\web\CWebApplication.php(141): CWebApplication->runController('gii/model/index')
#14 C:\wamp\www\yii\framework\base\CApplication.php(180): CWebApplication->processRequest()
#15 C:\wamp\www\PSUPhuketVolunteer\index.php(13): CApplication->run()
#16 {main}
REQUEST_URI=/psuphuketvolunteer/index.php?r=gii/model/index
HTTP_REFERER=http://localhost:81/psuphuketvolunteer/index.php?r=gii/default/index
---
2015/03/04 16:34:42 [error] [php] Undefined variable: id (C:\wamp\www\PSUPhuketVolunteer\protected\controllers\SiteController.php:34)
Stack trace:
#0 C:\wamp\www\yii\framework\web\CController.php(286): SiteController->runAction()
#1 C:\wamp\www\yii\framework\web\CController.php(265): SiteController->runActionWithFilters()
#2 C:\wamp\www\yii\framework\web\CWebApplication.php(282): SiteController->run()
#3 C:\wamp\www\yii\framework\web\CWebApplication.php(141): CWebApplication->runController()
#4 C:\wamp\www\yii\framework\base\CApplication.php(180): CWebApplication->processRequest()
#5 C:\wamp\www\PSUPhuketVolunteer\index.php(13): CWebApplication->run()
REQUEST_URI=/psuphuketvolunteer/index.php
in C:\wamp\www\PSUPhuketVolunteer\protected\controllers\SiteController.php (34)
in C:\wamp\www\PSUPhuketVolunteer\index.php (13)
2015/03/04 16:34:59 [error] [php] Undefined variable: data (C:\wamp\www\PSUPhuketVolunteer\protected\views\site\_news.php:44)
Stack trace:
#0 C:\wamp\www\yii\framework\web\CController.php(869): SiteController->renderFile()
#1 C:\wamp\www\PSUPhuketVolunteer\protected\views\site\index.php(15): SiteController->renderPartial()
#2 C:\wamp\www\yii\framework\web\CBaseController.php(126): require()
#3 C:\wamp\www\yii\framework\web\CBaseController.php(95): SiteController->renderInternal()
#4 C:\wamp\www\yii\framework\web\CController.php(869): SiteController->renderFile()
#5 C:\wamp\www\yii\framework\web\CController.php(782): SiteController->renderPartial()
#6 C:\wamp\www\PSUPhuketVolunteer\protected\controllers\SiteController.php(35): SiteController->render()
#7 C:\wamp\www\yii\framework\web\actions\CInlineAction.php(49): SiteController->actionIndex()
#8 C:\wamp\www\yii\framework\web\CController.php(308): CInlineAction->runWithParams()
#9 C:\wamp\www\yii\framework\web\CController.php(286): SiteController->runAction()
#10 C:\wamp\www\yii\framework\web\CController.php(265): SiteController->runActionWithFilters()
#11 C:\wamp\www\yii\framework\web\CWebApplication.php(282): SiteController->run()
#12 C:\wamp\www\yii\framework\web\CWebApplication.php(141): CWebApplication->runController()
#13 C:\wamp\www\yii\framework\base\CApplication.php(180): CWebApplication->processRequest()
#14 C:\wamp\www\PSUPhuketVolunteer\index.php(13): CWebApplication->run()
REQUEST_URI=/psuphuketvolunteer/index.php
in C:\wamp\www\PSUPhuketVolunteer\protected\views\site\_news.php (44)
in C:\wamp\www\PSUPhuketVolunteer\protected\views\site\index.php (15)
in C:\wamp\www\PSUPhuketVolunteer\protected\controllers\SiteController.php (35)
2015/03/04 16:35:30 [error] [php] Undefined variable: data (C:\wamp\www\PSUPhuketVolunteer\protected\views\site\_news.php:44)
Stack trace:
#0 C:\wamp\www\yii\framework\web\CController.php(869): SiteController->renderFile()
#1 C:\wamp\www\PSUPhuketVolunteer\protected\views\site\index.php(15): SiteController->renderPartial()
#2 C:\wamp\www\yii\framework\web\CBaseController.php(126): require()
#3 C:\wamp\www\yii\framework\web\CBaseController.php(95): SiteController->renderInternal()
#4 C:\wamp\www\yii\framework\web\CController.php(869): SiteController->renderFile()
#5 C:\wamp\www\yii\framework\web\CController.php(782): SiteController->renderPartial()
#6 C:\wamp\www\PSUPhuketVolunteer\protected\controllers\SiteController.php(35): SiteController->render()
#7 C:\wamp\www\yii\framework\web\actions\CInlineAction.php(49): SiteController->actionIndex()
#8 C:\wamp\www\yii\framework\web\CController.php(308): CInlineAction->runWithParams()
#9 C:\wamp\www\yii\framework\web\CController.php(286): SiteController->runAction()
#10 C:\wamp\www\yii\framework\web\CController.php(265): SiteController->runActionWithFilters()
#11 C:\wamp\www\yii\framework\web\CWebApplication.php(282): SiteController->run()
#12 C:\wamp\www\yii\framework\web\CWebApplication.php(141): CWebApplication->runController()
#13 C:\wamp\www\yii\framework\base\CApplication.php(180): CWebApplication->processRequest()
#14 C:\wamp\www\PSUPhuketVolunteer\index.php(13): CWebApplication->run()
REQUEST_URI=/psuphuketvolunteer/index.php
in C:\wamp\www\PSUPhuketVolunteer\protected\views\site\_news.php (44)
in C:\wamp\www\PSUPhuketVolunteer\protected\views\site\index.php (15)
in C:\wamp\www\PSUPhuketVolunteer\protected\controllers\SiteController.php (35)
2015/03/04 16:35:42 [error] [php] Undefined variable: data (C:\wamp\www\PSUPhuketVolunteer\protected\views\site\_news.php:45)
Stack trace:
#0 C:\wamp\www\yii\framework\web\CController.php(869): SiteController->renderFile()
#1 C:\wamp\www\PSUPhuketVolunteer\protected\views\site\index.php(15): SiteController->renderPartial()
#2 C:\wamp\www\yii\framework\web\CBaseController.php(126): require()
#3 C:\wamp\www\yii\framework\web\CBaseController.php(95): SiteController->renderInternal()
#4 C:\wamp\www\yii\framework\web\CController.php(869): SiteController->renderFile()
#5 C:\wamp\www\yii\framework\web\CController.php(782): SiteController->renderPartial()
#6 C:\wamp\www\PSUPhuketVolunteer\protected\controllers\SiteController.php(35): SiteController->render()
#7 C:\wamp\www\yii\framework\web\actions\CInlineAction.php(49): SiteController->actionIndex()
#8 C:\wamp\www\yii\framework\web\CController.php(308): CInlineAction->runWithParams()
#9 C:\wamp\www\yii\framework\web\CController.php(286): SiteController->runAction()
#10 C:\wamp\www\yii\framework\web\CController.php(265): SiteController->runActionWithFilters()
#11 C:\wamp\www\yii\framework\web\CWebApplication.php(282): SiteController->run()
#12 C:\wamp\www\yii\framework\web\CWebApplication.php(141): CWebApplication->runController()
#13 C:\wamp\www\yii\framework\base\CApplication.php(180): CWebApplication->processRequest()
#14 C:\wamp\www\PSUPhuketVolunteer\index.php(13): CWebApplication->run()
REQUEST_URI=/psuphuketvolunteer/index.php
in C:\wamp\www\PSUPhuketVolunteer\protected\views\site\_news.php (45)
in C:\wamp\www\PSUPhuketVolunteer\protected\views\site\index.php (15)
in C:\wamp\www\PSUPhuketVolunteer\protected\controllers\SiteController.php (35)
2015/03/04 16:37:15 [error] [php] Undefined variable: id (C:\wamp\www\PSUPhuketVolunteer\protected\controllers\SiteController.php:34)
Stack trace:
#0 C:\wamp\www\yii\framework\web\CController.php(286): SiteController->runAction()
#1 C:\wamp\www\yii\framework\web\CController.php(265): SiteController->runActionWithFilters()
#2 C:\wamp\www\yii\framework\web\CWebApplication.php(282): SiteController->run()
#3 C:\wamp\www\yii\framework\web\CWebApplication.php(141): CWebApplication->runController()
#4 C:\wamp\www\yii\framework\base\CApplication.php(180): CWebApplication->processRequest()
#5 C:\wamp\www\PSUPhuketVolunteer\index.php(13): CWebApplication->run()
REQUEST_URI=/psuphuketvolunteer/index.php
in C:\wamp\www\PSUPhuketVolunteer\protected\controllers\SiteController.php (34)
in C:\wamp\www\PSUPhuketVolunteer\index.php (13)
2015/03/04 16:37:54 [error] [php] Undefined variable: data (C:\wamp\www\PSUPhuketVolunteer\protected\views\site\_news.php:44)
Stack trace:
#0 C:\wamp\www\yii\framework\web\CController.php(869): SiteController->renderFile()
#1 C:\wamp\www\PSUPhuketVolunteer\protected\views\site\index.php(15): SiteController->renderPartial()
#2 C:\wamp\www\yii\framework\web\CBaseController.php(126): require()
#3 C:\wamp\www\yii\framework\web\CBaseController.php(95): SiteController->renderInternal()
#4 C:\wamp\www\yii\framework\web\CController.php(869): SiteController->renderFile()
#5 C:\wamp\www\yii\framework\web\CController.php(782): SiteController->renderPartial()
#6 C:\wamp\www\PSUPhuketVolunteer\protected\controllers\SiteController.php(32): SiteController->render()
#7 C:\wamp\www\yii\framework\web\actions\CInlineAction.php(49): SiteController->actionIndex()
#8 C:\wamp\www\yii\framework\web\CController.php(308): CInlineAction->runWithParams()
#9 C:\wamp\www\yii\framework\web\CController.php(286): SiteController->runAction()
#10 C:\wamp\www\yii\framework\web\CController.php(265): SiteController->runActionWithFilters()
#11 C:\wamp\www\yii\framework\web\CWebApplication.php(282): SiteController->run()
#12 C:\wamp\www\yii\framework\web\CWebApplication.php(141): CWebApplication->runController()
#13 C:\wamp\www\yii\framework\base\CApplication.php(180): CWebApplication->processRequest()
#14 C:\wamp\www\PSUPhuketVolunteer\index.php(13): CWebApplication->run()
REQUEST_URI=/psuphuketvolunteer/index.php
in C:\wamp\www\PSUPhuketVolunteer\protected\views\site\_news.php (44)
in C:\wamp\www\PSUPhuketVolunteer\protected\views\site\index.php (15)
in C:\wamp\www\PSUPhuketVolunteer\protected\controllers\SiteController.php (32)
2015/03/04 17:05:54 [error] [php] Use of undefined constant NewsID - assumed 'NewsID' (C:\wamp\www\PSUPhuketVolunteer\protected\views\site\_invite.php:24)
Stack trace:
#0 C:\wamp\www\yii\framework\web\CController.php(869): SiteController->renderFile()
#1 C:\wamp\www\PSUPhuketVolunteer\protected\views\site\index.php(16): SiteController->renderPartial()
#2 C:\wamp\www\yii\framework\web\CBaseController.php(126): require()
#3 C:\wamp\www\yii\framework\web\CBaseController.php(95): SiteController->renderInternal()
#4 C:\wamp\www\yii\framework\web\CController.php(869): SiteController->renderFile()
#5 C:\wamp\www\yii\framework\web\CController.php(782): SiteController->renderPartial()
#6 C:\wamp\www\PSUPhuketVolunteer\protected\controllers\SiteController.php(33): SiteController->render()
#7 C:\wamp\www\yii\framework\web\actions\CInlineAction.php(49): SiteController->actionIndex()
#8 C:\wamp\www\yii\framework\web\CController.php(308): CInlineAction->runWithParams()
#9 C:\wamp\www\yii\framework\web\CController.php(286): SiteController->runAction()
#10 C:\wamp\www\yii\framework\web\CController.php(265): SiteController->runActionWithFilters()
#11 C:\wamp\www\yii\framework\web\CWebApplication.php(282): SiteController->run()
#12 C:\wamp\www\yii\framework\web\CWebApplication.php(141): CWebApplication->runController()
#13 C:\wamp\www\yii\framework\base\CApplication.php(180): CWebApplication->processRequest()
#14 C:\wamp\www\PSUPhuketVolunteer\index.php(13): CWebApplication->run()
REQUEST_URI=/psuphuketvolunteer/index.php
in C:\wamp\www\PSUPhuketVolunteer\protected\views\site\_invite.php (24)
in C:\wamp\www\PSUPhuketVolunteer\protected\views\site\index.php (16)
in C:\wamp\www\PSUPhuketVolunteer\protected\controllers\SiteController.php (33)
2015/03/04 17:06:43 [error] [php] Use of undefined constant NewsID - assumed 'NewsID' (C:\wamp\www\PSUPhuketVolunteer\protected\views\site\_invite.php:24)
Stack trace:
#0 C:\wamp\www\yii\framework\web\CController.php(869): SiteController->renderFile()
#1 C:\wamp\www\PSUPhuketVolunteer\protected\views\site\index.php(16): SiteController->renderPartial()
#2 C:\wamp\www\yii\framework\web\CBaseController.php(126): require()
#3 C:\wamp\www\yii\framework\web\CBaseController.php(95): SiteController->renderInternal()
#4 C:\wamp\www\yii\framework\web\CController.php(869): SiteController->renderFile()
#5 C:\wamp\www\yii\framework\web\CController.php(782): SiteController->renderPartial()
#6 C:\wamp\www\PSUPhuketVolunteer\protected\controllers\SiteController.php(33): SiteController->render()
#7 C:\wamp\www\yii\framework\web\actions\CInlineAction.php(49): SiteController->actionIndex()
#8 C:\wamp\www\yii\framework\web\CController.php(308): CInlineAction->runWithParams()
#9 C:\wamp\www\yii\framework\web\CController.php(286): SiteController->runAction()
#10 C:\wamp\www\yii\framework\web\CController.php(265): SiteController->runActionWithFilters()
#11 C:\wamp\www\yii\framework\web\CWebApplication.php(282): SiteController->run()
#12 C:\wamp\www\yii\framework\web\CWebApplication.php(141): CWebApplication->runController()
#13 C:\wamp\www\yii\framework\base\CApplication.php(180): CWebApplication->processRequest()
#14 C:\wamp\www\PSUPhuketVolunteer\index.php(13): CWebApplication->run()
REQUEST_URI=/psuphuketvolunteer/index.php
in C:\wamp\www\PSUPhuketVolunteer\protected\views\site\_invite.php (24)
in C:\wamp\www\PSUPhuketVolunteer\protected\views\site\index.php (16)
in C:\wamp\www\PSUPhuketVolunteer\protected\controllers\SiteController.php (33)
2015/03/04 17:07:45 [error] [php] Use of undefined constant NewsID - assumed 'NewsID' (C:\wamp\www\PSUPhuketVolunteer\protected\views\site\_invite.php:24)
Stack trace:
#0 C:\wamp\www\yii\framework\web\CController.php(869): SiteController->renderFile()
#1 C:\wamp\www\PSUPhuketVolunteer\protected\views\site\index.php(16): SiteController->renderPartial()
#2 C:\wamp\www\yii\framework\web\CBaseController.php(126): require()
#3 C:\wamp\www\yii\framework\web\CBaseController.php(95): SiteController->renderInternal()
#4 C:\wamp\www\yii\framework\web\CController.php(869): SiteController->renderFile()
#5 C:\wamp\www\yii\framework\web\CController.php(782): SiteController->renderPartial()
#6 C:\wamp\www\PSUPhuketVolunteer\protected\controllers\SiteController.php(33): SiteController->render()
#7 C:\wamp\www\yii\framework\web\actions\CInlineAction.php(49): SiteController->actionIndex()
#8 C:\wamp\www\yii\framework\web\CController.php(308): CInlineAction->runWithParams()
#9 C:\wamp\www\yii\framework\web\CController.php(286): SiteController->runAction()
#10 C:\wamp\www\yii\framework\web\CController.php(265): SiteController->runActionWithFilters()
#11 C:\wamp\www\yii\framework\web\CWebApplication.php(282): SiteController->run()
#12 C:\wamp\www\yii\framework\web\CWebApplication.php(141): CWebApplication->runController()
#13 C:\wamp\www\yii\framework\base\CApplication.php(180): CWebApplication->processRequest()
#14 C:\wamp\www\PSUPhuketVolunteer\index.php(13): CWebApplication->run()
REQUEST_URI=/psuphuketvolunteer/index.php/
in C:\wamp\www\PSUPhuketVolunteer\protected\views\site\_invite.php (24)
in C:\wamp\www\PSUPhuketVolunteer\protected\views\site\index.php (16)
in C:\wamp\www\PSUPhuketVolunteer\protected\controllers\SiteController.php (33)
2015/03/04 17:07:57 [error] [php] Undefined variable: data (C:\wamp\www\PSUPhuketVolunteer\protected\views\site\_invite.php:24)
Stack trace:
#0 C:\wamp\www\yii\framework\web\CController.php(869): SiteController->renderFile()
#1 C:\wamp\www\PSUPhuketVolunteer\protected\views\site\index.php(16): SiteController->renderPartial()
#2 C:\wamp\www\yii\framework\web\CBaseController.php(126): require()
#3 C:\wamp\www\yii\framework\web\CBaseController.php(95): SiteController->renderInternal()
#4 C:\wamp\www\yii\framework\web\CController.php(869): SiteController->renderFile()
#5 C:\wamp\www\yii\framework\web\CController.php(782): SiteController->renderPartial()
#6 C:\wamp\www\PSUPhuketVolunteer\protected\controllers\SiteController.php(33): SiteController->render()
#7 C:\wamp\www\yii\framework\web\actions\CInlineAction.php(49): SiteController->actionIndex()
#8 C:\wamp\www\yii\framework\web\CController.php(308): CInlineAction->runWithParams()
#9 C:\wamp\www\yii\framework\web\CController.php(286): SiteController->runAction()
#10 C:\wamp\www\yii\framework\web\CController.php(265): SiteController->runActionWithFilters()
#11 C:\wamp\www\yii\framework\web\CWebApplication.php(282): SiteController->run()
#12 C:\wamp\www\yii\framework\web\CWebApplication.php(141): CWebApplication->runController()
#13 C:\wamp\www\yii\framework\base\CApplication.php(180): CWebApplication->processRequest()
#14 C:\wamp\www\PSUPhuketVolunteer\index.php(13): CWebApplication->run()
REQUEST_URI=/psuphuketvolunteer/index.php/
in C:\wamp\www\PSUPhuketVolunteer\protected\views\site\_invite.php (24)
in C:\wamp\www\PSUPhuketVolunteer\protected\views\site\index.php (16)
in C:\wamp\www\PSUPhuketVolunteer\protected\controllers\SiteController.php (33)
2015/03/04 17:08:00 [error] [php] Undefined variable: data (C:\wamp\www\PSUPhuketVolunteer\protected\views\site\_invite.php:24)
Stack trace:
#0 C:\wamp\www\yii\framework\web\CController.php(869): SiteController->renderFile()
#1 C:\wamp\www\PSUPhuketVolunteer\protected\views\site\index.php(16): SiteController->renderPartial()
#2 C:\wamp\www\yii\framework\web\CBaseController.php(126): require()
#3 C:\wamp\www\yii\framework\web\CBaseController.php(95): SiteController->renderInternal()
#4 C:\wamp\www\yii\framework\web\CController.php(869): SiteController->renderFile()
#5 C:\wamp\www\yii\framework\web\CController.php(782): SiteController->renderPartial()
#6 C:\wamp\www\PSUPhuketVolunteer\protected\controllers\SiteController.php(33): SiteController->render()
#7 C:\wamp\www\yii\framework\web\actions\CInlineAction.php(49): SiteController->actionIndex()
#8 C:\wamp\www\yii\framework\web\CController.php(308): CInlineAction->runWithParams()
#9 C:\wamp\www\yii\framework\web\CController.php(286): SiteController->runAction()
#10 C:\wamp\www\yii\framework\web\CController.php(265): SiteController->runActionWithFilters()
#11 C:\wamp\www\yii\framework\web\CWebApplication.php(282): SiteController->run()
#12 C:\wamp\www\yii\framework\web\CWebApplication.php(141): CWebApplication->runController()
#13 C:\wamp\www\yii\framework\base\CApplication.php(180): CWebApplication->processRequest()
#14 C:\wamp\www\PSUPhuketVolunteer\index.php(13): CWebApplication->run()
REQUEST_URI=/psuphuketvolunteer/index.php/
in C:\wamp\www\PSUPhuketVolunteer\protected\views\site\_invite.php (24)
in C:\wamp\www\PSUPhuketVolunteer\protected\views\site\index.php (16)
in C:\wamp\www\PSUPhuketVolunteer\protected\controllers\SiteController.php (33)
2015/03/04 17:23:34 [error] [exception.CDbException] exception 'CDbException' with message 'Relation "author" is not defined in active record class "News".' in C:\wamp\www\yii\framework\db\ar\CActiveFinder.php:226
Stack trace:
#0 C:\wamp\www\yii\framework\db\ar\CActiveFinder.php(296): CActiveFinder->buildJoinTree(Object(CJoinElement), 'author')
#1 C:\wamp\www\yii\framework\db\ar\CActiveFinder.php(48): CActiveFinder->buildJoinTree(Object(CJoinElement), Array)
#2 C:\wamp\www\yii\framework\db\ar\CActiveRecord.php(909): CActiveFinder->__construct(Object(News), Array)
#3 C:\wamp\www\yii\framework\db\ar\CActiveRecord.php(1604): CActiveRecord->getActiveFinder(Array)
#4 C:\wamp\www\yii\framework\web\CActiveDataProvider.php(228): CActiveRecord->count(Object(CDbCriteria))
#5 C:\wamp\www\yii\framework\web\CDataProvider.php(224): CActiveDataProvider->calculateTotalItemCount()
#6 C:\wamp\www\yii\framework\web\CActiveDataProvider.php(178): CDataProvider->getTotalItemCount()
#7 C:\wamp\www\yii\framework\web\CDataProvider.php(168): CActiveDataProvider->fetchData()
#8 C:\wamp\www\yii\framework\zii\widgets\CBaseListView.php(111): CDataProvider->getData()
#9 C:\wamp\www\yii\framework\zii\widgets\CListView.php(211): CBaseListView->init()
#10 C:\wamp\www\PSUPhuketVolunteer\protected\extensions\bootstrap\widgets\TbListView.php(43): CListView->init()
#11 C:\wamp\www\yii\framework\web\CBaseController.php(147): TbListView->init()
#12 C:\wamp\www\yii\framework\web\CBaseController.php(172): CBaseController->createWidget('booster.widgets...', Array)
#13 C:\wamp\www\PSUPhuketVolunteer\protected\views\site\news.php(34): CBaseController->widget('booster.widgets...', Array)
#14 C:\wamp\www\yii\framework\web\CBaseController.php(126): require('C:\\wamp\\www\\PSU...')
#15 C:\wamp\www\yii\framework\web\CBaseController.php(95): CBaseController->renderInternal('C:\\wamp\\www\\PSU...', Array, true)
#16 C:\wamp\www\yii\framework\web\CController.php(869): CBaseController->renderFile('C:\\wamp\\www\\PSU...', Array, true)
#17 C:\wamp\www\PSUPhuketVolunteer\protected\views\site\index.php(15): CController->renderPartial('news', Array, true, false)
#18 C:\wamp\www\yii\framework\web\CBaseController.php(126): require('C:\\wamp\\www\\PSU...')
#19 C:\wamp\www\yii\framework\web\CBaseController.php(95): CBaseController->renderInternal('C:\\wamp\\www\\PSU...', Array, true)
#20 C:\wamp\www\yii\framework\web\CController.php(869): CBaseController->renderFile('C:\\wamp\\www\\PSU...', Array, true)
#21 C:\wamp\www\yii\framework\web\CController.php(782): CController->renderPartial('index', Array, true)
#22 C:\wamp\www\PSUPhuketVolunteer\protected\controllers\SiteController.php(38): CController->render('index', Array)
#23 C:\wamp\www\yii\framework\web\actions\CInlineAction.php(49): SiteController->actionIndex()
#24 C:\wamp\www\yii\framework\web\CController.php(308): CInlineAction->runWithParams(Array)
#25 C:\wamp\www\yii\framework\web\CController.php(286): CController->runAction(Object(CInlineAction))
#26 C:\wamp\www\yii\framework\web\CController.php(265): CController->runActionWithFilters(Object(CInlineAction), Array)
#27 C:\wamp\www\yii\framework\web\CWebApplication.php(282): CController->run('')
#28 C:\wamp\www\yii\framework\web\CWebApplication.php(141): CWebApplication->runController('')
#29 C:\wamp\www\yii\framework\base\CApplication.php(180): CWebApplication->processRequest()
#30 C:\wamp\www\PSUPhuketVolunteer\index.php(13): CApplication->run()
#31 {main}
REQUEST_URI=/psuphuketvolunteer/index.php/images/favicon.ico
---
2015/03/04 17:23:36 [error] [exception.CDbException] exception 'CDbException' with message 'Relation "author" is not defined in active record class "News".' in C:\wamp\www\yii\framework\db\ar\CActiveFinder.php:226
Stack trace:
#0 C:\wamp\www\yii\framework\db\ar\CActiveFinder.php(296): CActiveFinder->buildJoinTree(Object(CJoinElement), 'author')
#1 C:\wamp\www\yii\framework\db\ar\CActiveFinder.php(48): CActiveFinder->buildJoinTree(Object(CJoinElement), Array)
#2 C:\wamp\www\yii\framework\db\ar\CActiveRecord.php(909): CActiveFinder->__construct(Object(News), Array)
#3 C:\wamp\www\yii\framework\db\ar\CActiveRecord.php(1604): CActiveRecord->getActiveFinder(Array)
#4 C:\wamp\www\yii\framework\web\CActiveDataProvider.php(228): CActiveRecord->count(Object(CDbCriteria))
#5 C:\wamp\www\yii\framework\web\CDataProvider.php(224): CActiveDataProvider->calculateTotalItemCount()
#6 C:\wamp\www\yii\framework\web\CActiveDataProvider.php(178): CDataProvider->getTotalItemCount()
#7 C:\wamp\www\yii\framework\web\CDataProvider.php(168): CActiveDataProvider->fetchData()
#8 C:\wamp\www\yii\framework\zii\widgets\CBaseListView.php(111): CDataProvider->getData()
#9 C:\wamp\www\yii\framework\zii\widgets\CListView.php(211): CBaseListView->init()
#10 C:\wamp\www\PSUPhuketVolunteer\protected\extensions\bootstrap\widgets\TbListView.php(43): CListView->init()
#11 C:\wamp\www\yii\framework\web\CBaseController.php(147): TbListView->init()
#12 C:\wamp\www\yii\framework\web\CBaseController.php(172): CBaseController->createWidget('booster.widgets...', Array)
#13 C:\wamp\www\PSUPhuketVolunteer\protected\views\site\news.php(34): CBaseController->widget('booster.widgets...', Array)
#14 C:\wamp\www\yii\framework\web\CBaseController.php(126): require('C:\\wamp\\www\\PSU...')
#15 C:\wamp\www\yii\framework\web\CBaseController.php(95): CBaseController->renderInternal('C:\\wamp\\www\\PSU...', Array, true)
#16 C:\wamp\www\yii\framework\web\CController.php(869): CBaseController->renderFile('C:\\wamp\\www\\PSU...', Array, true)
#17 C:\wamp\www\PSUPhuketVolunteer\protected\views\site\index.php(15): CController->renderPartial('news', Array, true, false)
#18 C:\wamp\www\yii\framework\web\CBaseController.php(126): require('C:\\wamp\\www\\PSU...')
#19 C:\wamp\www\yii\framework\web\CBaseController.php(95): CBaseController->renderInternal('C:\\wamp\\www\\PSU...', Array, true)
#20 C:\wamp\www\yii\framework\web\CController.php(869): CBaseController->renderFile('C:\\wamp\\www\\PSU...', Array, true)
#21 C:\wamp\www\yii\framework\web\CController.php(782): CController->renderPartial('index', Array, true)
#22 C:\wamp\www\PSUPhuketVolunteer\protected\controllers\SiteController.php(38): CController->render('index', Array)
#23 C:\wamp\www\yii\framework\web\actions\CInlineAction.php(49): SiteController->actionIndex()
#24 C:\wamp\www\yii\framework\web\CController.php(308): CInlineAction->runWithParams(Array)
#25 C:\wamp\www\yii\framework\web\CController.php(286): CController->runAction(Object(CInlineAction))
#26 C:\wamp\www\yii\framework\web\CController.php(265): CController->runActionWithFilters(Object(CInlineAction), Array)
#27 C:\wamp\www\yii\framework\web\CWebApplication.php(282): CController->run('')
#28 C:\wamp\www\yii\framework\web\CWebApplication.php(141): CWebApplication->runController('')
#29 C:\wamp\www\yii\framework\base\CApplication.php(180): CWebApplication->processRequest()
#30 C:\wamp\www\PSUPhuketVolunteer\index.php(13): CApplication->run()
#31 {main}
REQUEST_URI=/psuphuketvolunteer/index.php/
---
2015/03/04 17:53:08 [error] [php] Undefined variable: data (C:\wamp\www\PSUPhuketVolunteer\protected\views\site\news.php:37)
Stack trace:
#0 C:\wamp\www\yii\framework\web\CController.php(869): SiteController->renderFile()
#1 C:\wamp\www\PSUPhuketVolunteer\protected\views\site\index.php(15): SiteController->renderPartial()
#2 C:\wamp\www\yii\framework\web\CBaseController.php(126): require()
#3 C:\wamp\www\yii\framework\web\CBaseController.php(95): SiteController->renderInternal()
#4 C:\wamp\www\yii\framework\web\CController.php(869): SiteController->renderFile()
#5 C:\wamp\www\yii\framework\web\CController.php(782): SiteController->renderPartial()
#6 C:\wamp\www\PSUPhuketVolunteer\protected\controllers\SiteController.php(39): SiteController->render()
#7 C:\wamp\www\yii\framework\web\actions\CInlineAction.php(49): SiteController->actionIndex()
#8 C:\wamp\www\yii\framework\web\CController.php(308): CInlineAction->runWithParams()
#9 C:\wamp\www\yii\framework\web\CController.php(286): SiteController->runAction()
#10 C:\wamp\www\yii\framework\web\CController.php(265): SiteController->runActionWithFilters()
#11 C:\wamp\www\yii\framework\web\CWebApplication.php(282): SiteController->run()
#12 C:\wamp\www\yii\framework\web\CWebApplication.php(141): CWebApplication->runController()
#13 C:\wamp\www\yii\framework\base\CApplication.php(180): CWebApplication->processRequest()
#14 C:\wamp\www\PSUPhuketVolunteer\index.php(13): CWebApplication->run()
REQUEST_URI=/psuphuketvolunteer/index.php
in C:\wamp\www\PSUPhuketVolunteer\protected\views\site\news.php (37)
in C:\wamp\www\PSUPhuketVolunteer\protected\views\site\index.php (15)
in C:\wamp\www\PSUPhuketVolunteer\protected\controllers\SiteController.php (39)
